#
# There is insufficient memory for the Java Runtime Environment to continue.
# Native memory allocation (malloc) failed to allocate 227936 bytes for Chunk::new
# Possible reasons:
#   The system is out of physical RAM or swap space
#   In 32 bit mode, the process size limit was hit
# Possible solutions:
#   Reduce memory load on the system
#   Increase physical memory or swap space
#   Check if swap backing store is full
#   Use 64 bit Java on a 64 bit OS
#   Decrease Java heap size (-Xmx/-Xms)
#   Decrease number of Java threads
#   Decrease Java thread stack sizes (-Xss)
#   Set larger code cache with -XX:ReservedCodeCacheSize=
# This output file may be truncated or incomplete.
#
#  Out of Memory Error (allocation.cpp:323), pid=4040, tid=7372
#
# JRE version: Java(TM) SE Runtime Environment (7.0_60-b19) (build 1.7.0_60-b19)
# Java VM: Java HotSpot(TM) 64-Bit Server VM (24.60-b09 mixed mode windows-amd64 compressed oops)
# Failed to write core dump. Minidumps are not enabled by default on client versions of Windows
#

---------------  T H R E A D  ---------------

Current thread (0x00000000072f1800):  JavaThread "C2 CompilerThread1" daemon [_thread_in_native, id=7372, stack(0x0000000008ce0000,0x0000000008de0000)]

Stack: [0x0000000008ce0000,0x0000000008de0000]
[error occurred during error reporting (printing stack bounds), id 0xc0000005]


Current CompileTask:
C2:   2749  359 %           sun.misc.URLClassPath::getResource @ 39 (74 bytes)


---------------  P R O C E S S  ---------------

Java Threads: ( => current thread )
  0x0000000009c02000 JavaThread "com.google.inject.internal.util.$Finalizer" daemon [_thread_blocked, id=6856, stack(0x0000000009370000,0x0000000009470000)]
  0x0000000009bac000 JavaThread "EMF Reference Cleaner" daemon [_thread_blocked, id=6488, stack(0x0000000009e20000,0x0000000009f20000)]
  0x00000000072f2800 JavaThread "Service Thread" daemon [_thread_blocked, id=1796, stack(0x0000000008e50000,0x0000000008f50000)]
=>0x00000000072f1800 JavaThread "C2 CompilerThread1" daemon [_thread_in_native, id=7372, stack(0x0000000008ce0000,0x0000000008de0000)]
  0x00000000072eb800 JavaThread "C2 CompilerThread0" daemon [_thread_in_native, id=6772, stack(0x0000000008a50000,0x0000000008b50000)]
  0x00000000072ea000 JavaThread "Attach Listener" daemon [_thread_blocked, id=7352, stack(0x0000000008480000,0x0000000008580000)]
  0x00000000072e3000 JavaThread "Signal Dispatcher" daemon [_thread_blocked, id=4532, stack(0x0000000008920000,0x0000000008a20000)]
  0x0000000007288800 JavaThread "Finalizer" daemon [_thread_blocked, id=7648, stack(0x0000000008740000,0x0000000008840000)]
  0x0000000007281800 JavaThread "Reference Handler" daemon [_thread_blocked, id=2844, stack(0x00000000085c0000,0x00000000086c0000)]
  0x00000000023ba000 JavaThread "main" [_thread_in_Java, id=1676, stack(0x00000000026b0000,0x00000000027b0000)]

Other Threads:
  0x000000000727c000 VMThread [stack: 0x0000000008330000,0x0000000008430000] [id=3944]
  0x0000000008f58800 WatcherThread [stack: 0x0000000009490000,0x0000000009590000] [id=6672]

VM state:not at safepoint (normal execution)

VM Mutex/Monitor currently owned by a thread: None

Heap
 PSYoungGen      total 35328K, used 11913K [0x00000000f5500000, 0x00000000f7a00000, 0x0000000100000000)
  eden space 32768K, 28% used [0x00000000f5500000,0x00000000f5e25580,0x00000000f7500000)
  from space 2560K, 99% used [0x00000000f7780000,0x00000000f79fd108,0x00000000f7a00000)
  to   space 2560K, 0% used [0x00000000f7500000,0x00000000f7500000,0x00000000f7780000)
 ParOldGen       total 42496K, used 28823K [0x00000000e0000000, 0x00000000e2980000, 0x00000000f5500000)
  object space 42496K, 67% used [0x00000000e0000000,0x00000000e1c25de0,0x00000000e2980000)
 PSPermGen       total 21504K, used 16908K [0x00000000dae00000, 0x00000000dc300000, 0x00000000e0000000)
  object space 21504K, 78% used [0x00000000dae00000,0x00000000dbe832f8,0x00000000dc300000)

Card table byte_map: [0x0000000002490000,0x00000000025c0000] byte_map_base: 0x0000000001db9000

Polling page: 0x0000000000250000

Code Cache  [0x00000000027b0000, 0x0000000002a20000, 0x00000000057b0000)
 total_blobs=689 nmethods=362 adapters=279 free_code_cache=47947Kb largest_free_block=49065024

Compilation events (10 events):
Event: 2.650 Thread 0x00000000072f1800 nmethod 354 0x00000000028d1550 code [0x00000000028d1680, 0x00000000028d16d8]
Event: 2.653 Thread 0x00000000072eb800 nmethod 350 0x00000000028dba50 code [0x00000000028dbc40, 0x00000000028dc340]
Event: 2.666 Thread 0x00000000072f1800  356             java.util.ArrayList$Itr::checkForComodification (23 bytes)
Event: 2.667 Thread 0x00000000072f1800 nmethod 356 0x00000000028dd090 code [0x00000000028dd1c0, 0x00000000028dd238]
Event: 2.667 Thread 0x00000000072f1800  357             java.util.ArrayList$Itr::hasNext (20 bytes)
Event: 2.668 Thread 0x00000000072f1800 nmethod 357 0x00000000028dce50 code [0x00000000028dcf80, 0x00000000028dcff8]
Event: 2.668 Thread 0x00000000072f1800  358             java.util.ArrayList$Itr::next (66 bytes)
Event: 2.668 Thread 0x00000000072f1800 nmethod 358 0x00000000028de6d0 code [0x00000000028de820, 0x00000000028de8f8]
Event: 2.672 Thread 0x00000000072f1800  359 %           sun.misc.URLClassPath::getResource @ 39 (74 bytes)
Event: 2.700 Thread 0x00000000072eb800  360             sun.nio.cs.UTF_8$Decoder::decodeArrayLoop (543 bytes)

GC Heap History (10 events):
Event: 0.800 GC heap before
{Heap before GC invocations=2 (full 0):
 PSYoungGen      total 18944K, used 18931K [0x00000000f5500000, 0x00000000f6a00000, 0x0000000100000000)
  eden space 16384K, 100% used [0x00000000f5500000,0x00000000f6500000,0x00000000f6500000)
  from space 2560K, 99% used [0x00000000f6500000,0x00000000f677cd40,0x00000000f6780000)
  to   space 2560K, 0% used [0x00000000f6780000,0x00000000f6780000,0x00000000f6a00000)
 ParOldGen       total 42496K, used 592K [0x00000000e0000000, 0x00000000e2980000, 0x00000000f5500000)
  object space 42496K, 1% used [0x00000000e0000000,0x00000000e0094260,0x00000000e2980000)
 PSPermGen       total 21504K, used 5753K [0x00000000dae00000, 0x00000000dc300000, 0x00000000e0000000)
  object space 21504K, 26% used [0x00000000dae00000,0x00000000db39e598,0x00000000dc300000)
Event: 0.804 GC heap after
Heap after GC invocations=2 (full 0):
 PSYoungGen      total 18944K, used 2559K [0x00000000f5500000, 0x00000000f7a00000, 0x0000000100000000)
  eden space 16384K, 0% used [0x00000000f5500000,0x00000000f5500000,0x00000000f6500000)
  from space 2560K, 99% used [0x00000000f6780000,0x00000000f69ffcd8,0x00000000f6a00000)
  to   space 2560K, 0% used [0x00000000f6500000,0x00000000f6500000,0x00000000f6780000)
 ParOldGen       total 42496K, used 3481K [0x00000000e0000000, 0x00000000e2980000, 0x00000000f5500000)
  object space 42496K, 8% used [0x00000000e0000000,0x00000000e0366758,0x00000000e2980000)
 PSPermGen       total 21504K, used 5753K [0x00000000dae00000, 0x00000000dc300000, 0x00000000e0000000)
  object space 21504K, 26% used [0x00000000dae00000,0x00000000db39e598,0x00000000dc300000)
}
Event: 1.002 GC heap before
{Heap before GC invocations=3 (full 0):
 PSYoungGen      total 18944K, used 18943K [0x00000000f5500000, 0x00000000f7a00000, 0x0000000100000000)
  eden space 16384K, 100% used [0x00000000f5500000,0x00000000f6500000,0x00000000f6500000)
  from space 2560K, 99% used [0x00000000f6780000,0x00000000f69ffcd8,0x00000000f6a00000)
  to   space 2560K, 0% used [0x00000000f6500000,0x00000000f6500000,0x00000000f6780000)
 ParOldGen       total 42496K, used 3481K [0x00000000e0000000, 0x00000000e2980000, 0x00000000f5500000)
  object space 42496K, 8% used [0x00000000e0000000,0x00000000e0366758,0x00000000e2980000)
 PSPermGen       total 21504K, used 7843K [0x00000000dae00000, 0x00000000dc300000, 0x00000000e0000000)
  object space 21504K, 36% used [0x00000000dae00000,0x00000000db5a8f80,0x00000000dc300000)
Event: 1.008 GC heap after
Heap after GC invocations=3 (full 0):
 PSYoungGen      total 18944K, used 2528K [0x00000000f5500000, 0x00000000f7a00000, 0x0000000100000000)
  eden space 16384K, 0% used [0x00000000f5500000,0x00000000f5500000,0x00000000f6500000)
  from space 2560K, 98% used [0x00000000f6500000,0x00000000f6778010,0x00000000f6780000)
  to   space 2560K, 0% used [0x00000000f7780000,0x00000000f7780000,0x00000000f7a00000)
 ParOldGen       total 42496K, used 6871K [0x00000000e0000000, 0x00000000e2980000, 0x00000000f5500000)
  object space 42496K, 16% used [0x00000000e0000000,0x00000000e06b5fb8,0x00000000e2980000)
 PSPermGen       total 21504K, used 7843K [0x00000000dae00000, 0x00000000dc300000, 0x00000000e0000000)
  object space 21504K, 36% used [0x00000000dae00000,0x00000000db5a8f80,0x00000000dc300000)
}
Event: 1.233 GC heap before
{Heap before GC invocations=4 (full 0):
 PSYoungGen      total 18944K, used 18912K [0x00000000f5500000, 0x00000000f7a00000, 0x0000000100000000)
  eden space 16384K, 100% used [0x00000000f5500000,0x00000000f6500000,0x00000000f6500000)
  from space 2560K, 98% used [0x00000000f6500000,0x00000000f6778010,0x00000000f6780000)
  to   space 2560K, 0% used [0x00000000f7780000,0x00000000f7780000,0x00000000f7a00000)
 ParOldGen       total 42496K, used 6871K [0x00000000e0000000, 0x00000000e2980000, 0x00000000f5500000)
  object space 42496K, 16% used [0x00000000e0000000,0x00000000e06b5fb8,0x00000000e2980000)
 PSPermGen       total 21504K, used 9906K [0x00000000dae00000, 0x00000000dc300000, 0x00000000e0000000)
  object space 21504K, 46% used [0x00000000dae00000,0x00000000db7ac908,0x00000000dc300000)
Event: 1.239 GC heap after
Heap after GC invocations=4 (full 0):
 PSYoungGen      total 35328K, used 2544K [0x00000000f5500000, 0x00000000f7a00000, 0x0000000100000000)
  eden space 32768K, 0% used [0x00000000f5500000,0x00000000f5500000,0x00000000f7500000)
  from space 2560K, 99% used [0x00000000f7780000,0x00000000f79fc020,0x00000000f7a00000)
  to   space 2560K, 0% used [0x00000000f7500000,0x00000000f7500000,0x00000000f7780000)
 ParOldGen       total 42496K, used 10230K [0x00000000e0000000, 0x00000000e2980000, 0x00000000f5500000)
  object space 42496K, 24% used [0x00000000e0000000,0x00000000e09fd958,0x00000000e2980000)
 PSPermGen       total 21504K, used 9906K [0x00000000dae00000, 0x00000000dc300000, 0x00000000e0000000)
  object space 21504K, 46% used [0x00000000dae00000,0x00000000db7ac908,0x00000000dc300000)
}
Event: 1.873 GC heap before
{Heap before GC invocations=5 (full 0):
 PSYoungGen      total 35328K, used 35312K [0x00000000f5500000, 0x00000000f7a00000, 0x0000000100000000)
  eden space 32768K, 100% used [0x00000000f5500000,0x00000000f7500000,0x00000000f7500000)
  from space 2560K, 99% used [0x00000000f7780000,0x00000000f79fc020,0x00000000f7a00000)
  to   space 2560K, 0% used [0x00000000f7500000,0x00000000f7500000,0x00000000f7780000)
 ParOldGen       total 42496K, used 10230K [0x00000000e0000000, 0x00000000e2980000, 0x00000000f5500000)
  object space 42496K, 24% used [0x00000000e0000000,0x00000000e09fd958,0x00000000e2980000)
 PSPermGen       total 21504K, used 13520K [0x00000000dae00000, 0x00000000dc300000, 0x00000000e0000000)
  object space 21504K, 62% used [0x00000000dae00000,0x00000000dbb34330,0x00000000dc300000)
Event: 1.886 GC heap after
Heap after GC invocations=5 (full 0):
 PSYoungGen      total 35328K, used 2528K [0x00000000f5500000, 0x00000000f7a00000, 0x0000000100000000)
  eden space 32768K, 0% used [0x00000000f5500000,0x00000000f5500000,0x00000000f7500000)
  from space 2560K, 98% used [0x00000000f7500000,0x00000000f7778010,0x00000000f7780000)
  to   space 2560K, 0% used [0x00000000f7780000,0x00000000f7780000,0x00000000f7a00000)
 ParOldGen       total 42496K, used 17839K [0x00000000e0000000, 0x00000000e2980000, 0x00000000f5500000)
  object space 42496K, 41% used [0x00000000e0000000,0x00000000e116be28,0x00000000e2980000)
 PSPermGen       total 21504K, used 13520K [0x00000000dae00000, 0x00000000dc300000, 0x00000000e0000000)
  object space 21504K, 62% used [0x00000000dae00000,0x00000000dbb34330,0x00000000dc300000)
}
Event: 2.454 GC heap before
{Heap before GC invocations=6 (full 0):
 PSYoungGen      total 35328K, used 35296K [0x00000000f5500000, 0x00000000f7a00000, 0x0000000100000000)
  eden space 32768K, 100% used [0x00000000f5500000,0x00000000f7500000,0x00000000f7500000)
  from space 2560K, 98% used [0x00000000f7500000,0x00000000f7778010,0x00000000f7780000)
  to   space 2560K, 0% used [0x00000000f7780000,0x00000000f7780000,0x00000000f7a00000)
 ParOldGen       total 42496K, used 17839K [0x00000000e0000000, 0x00000000e2980000, 0x00000000f5500000)
  object space 42496K, 41% used [0x00000000e0000000,0x00000000e116be28,0x00000000e2980000)
 PSPermGen       total 21504K, used 15643K [0x00000000dae00000, 0x00000000dc300000, 0x00000000e0000000)
  object space 21504K, 72% used [0x00000000dae00000,0x00000000dbd46cd0,0x00000000dc300000)
Event: 2.469 GC heap after
Heap after GC invocations=6 (full 0):
 PSYoungGen      total 35328K, used 2548K [0x00000000f5500000, 0x00000000f7a00000, 0x0000000100000000)
  eden space 32768K, 0% used [0x00000000f5500000,0x00000000f5500000,0x00000000f7500000)
  from space 2560K, 99% used [0x00000000f7780000,0x00000000f79fd108,0x00000000f7a00000)
  to   space 2560K, 0% used [0x00000000f7500000,0x00000000f7500000,0x00000000f7780000)
 ParOldGen       total 42496K, used 28823K [0x00000000e0000000, 0x00000000e2980000, 0x00000000f5500000)
  object space 42496K, 67% used [0x00000000e0000000,0x00000000e1c25de0,0x00000000e2980000)
 PSPermGen       total 21504K, used 15643K [0x00000000dae00000, 0x00000000dc300000, 0x00000000e0000000)
  object space 21504K, 72% used [0x00000000dae00000,0x00000000dbd46cd0,0x00000000dc300000)
}

Deoptimization events (10 events):
Event: 2.311 Thread 0x00000000023ba000 Uncommon trap: reason=class_check action=maybe_recompile pc=0x00000000028b321c method=java.lang.String.valueOf(Ljava/lang/Object;)Ljava/lang/String; @ 10
Event: 2.311 Thread 0x00000000023ba000 Uncommon trap: reason=class_check action=maybe_recompile pc=0x00000000028b321c method=java.lang.String.valueOf(Ljava/lang/Object;)Ljava/lang/String; @ 10
Event: 2.311 Thread 0x00000000023ba000 Uncommon trap: reason=class_check action=maybe_recompile pc=0x00000000028b321c method=java.lang.String.valueOf(Ljava/lang/Object;)Ljava/lang/String; @ 10
Event: 2.333 Thread 0x00000000023ba000 Uncommon trap: reason=unreached action=reinterpret pc=0x00000000028a7d7c method=org.eclipse.emf.common.util.URI$URIPool$StringAccessUnit.parseIntoURI(Ljava/lang/String;)Lorg/eclipse/emf/common/util/URI; @ 169
Event: 2.343 Thread 0x00000000023ba000 Uncommon trap: reason=unreached action=reinterpret pc=0x00000000028aded4 method=java.util.zip.ZipFile.getZipEntry(Ljava/lang/String;J)Ljava/util/zip/ZipEntry; @ 19
Event: 2.346 Thread 0x00000000023ba000 Uncommon trap: reason=unreached action=reinterpret pc=0x00000000028c0354 method=org.eclipse.emf.common.util.URI$URIPool.intern(Ljava/lang/String;)Lorg/eclipse/emf/common/util/URI; @ 52
Event: 2.347 Thread 0x00000000023ba000 Uncommon trap: reason=unreached action=reinterpret pc=0x00000000028bb728 method=org.eclipse.emf.common.util.URI$URIPool.intern(Ljava/lang/String;)Lorg/eclipse/emf/common/util/URI; @ 52
Event: 2.392 Thread 0x00000000023ba000 Uncommon trap: reason=unreached action=reinterpret pc=0x00000000028730a0 method=sun.misc.URLClassPath$JarLoader.ensureOpen()V @ 4
Event: 2.442 Thread 0x00000000023ba000 Uncommon trap: reason=null_check action=make_not_entrant pc=0x0000000002895868 method=org.eclipse.emf.common.util.Pool$AccessUnit$Queue.pop(Z)Lorg/eclipse/emf/common/util/Pool$AccessUnit; @ 32
Event: 2.518 Thread 0x00000000023ba000 Uncommon trap: reason=unreached action=reinterpret pc=0x00000000028c40ec method=org.eclipse.emf.common.util.URI$Hierarchical.matches(Ljava/lang/String;)Z @ 6

Internal exceptions (10 events):
Event: 2.678 Thread 0x00000000023ba000 Threw 0x00000000f5c59cb0 at C:\re\jdk7u60\1081\hotspot\src\share\vm\prims\jvm.cpp:1244
Event: 2.678 Thread 0x00000000023ba000 Threw 0x00000000f5c60838 at C:\re\jdk7u60\1081\hotspot\src\share\vm\prims\jvm.cpp:1244
Event: 2.679 Thread 0x00000000023ba000 Threw 0x00000000f5c65bc0 at C:\re\jdk7u60\1081\hotspot\src\share\vm\prims\jvm.cpp:1244
Event: 2.679 Thread 0x00000000023ba000 Threw 0x00000000f5c6a458 at C:\re\jdk7u60\1081\hotspot\src\share\vm\prims\jvm.cpp:1244
Event: 2.680 Thread 0x00000000023ba000 Threw 0x00000000f5c71b18 at C:\re\jdk7u60\1081\hotspot\src\share\vm\prims\jvm.cpp:1244
Event: 2.680 Thread 0x00000000023ba000 Threw 0x00000000f5c764b8 at C:\re\jdk7u60\1081\hotspot\src\share\vm\prims\jvm.cpp:1244
Event: 2.680 Thread 0x00000000023ba000 Threw 0x00000000f5c7b3f8 at C:\re\jdk7u60\1081\hotspot\src\share\vm\prims\jvm.cpp:1244
Event: 2.681 Thread 0x00000000023ba000 Threw 0x00000000f5c82af0 at C:\re\jdk7u60\1081\hotspot\src\share\vm\prims\jvm.cpp:1244
Event: 2.682 Thread 0x00000000023ba000 Threw 0x00000000f5c8d220 at C:\re\jdk7u60\1081\hotspot\src\share\vm\prims\jvm.cpp:1244
Event: 2.682 Thread 0x00000000023ba000 Threw 0x00000000f5c92940 at C:\re\jdk7u60\1081\hotspot\src\share\vm\prims\jvm.cpp:1244

Events (10 events):
Event: 2.680 loading class 0x000000000a4bc1e0
Event: 2.680 loading class 0x000000000a4bc1e0 done
Event: 2.680 loading class 0x000000000a44a410
Event: 2.680 loading class 0x000000000a44a410 done
Event: 2.681 loading class 0x000000000a4bb920
Event: 2.681 loading class 0x000000000a4bb920 done
Event: 2.682 loading class 0x000000000a4bc0a0
Event: 2.682 loading class 0x000000000a4bc0a0 done
Event: 2.682 loading class 0x0000000009c74ec0
Event: 2.682 loading class 0x0000000009c74ec0 done


Dynamic libraries:
0x000000013f740000 - 0x000000013f773000 	C:\Program Files\Java\jdk1.7.0_60\bin\javaw.exe
0x0000000077440000 - 0x00000000775e9000 	C:\Windows\SYSTEM32\ntdll.dll
0x0000000076d60000 - 0x0000000076e7f000 	C:\Windows\system32\kernel32.dll
0x000007fefd9f0000 - 0x000007fefda5b000 	C:\Windows\system32\KERNELBASE.dll
0x0000000074c60000 - 0x0000000074ce7000 	C:\Windows\System32\SYSFER.DLL
0x000007feff1d0000 - 0x000007feff2ab000 	C:\Windows\system32\ADVAPI32.dll
0x000007feff020000 - 0x000007feff0bf000 	C:\Windows\system32\msvcrt.dll
0x000007feff350000 - 0x000007feff36f000 	C:\Windows\SYSTEM32\sechost.dll
0x000007feff620000 - 0x000007feff74d000 	C:\Windows\system32\RPCRT4.dll
0x0000000076e80000 - 0x0000000076f7a000 	C:\Windows\system32\USER32.dll
0x000007feff2c0000 - 0x000007feff327000 	C:\Windows\system32\GDI32.dll
0x000007feff2b0000 - 0x000007feff2be000 	C:\Windows\system32\LPK.dll
0x000007fefdc70000 - 0x000007fefdd39000 	C:\Windows\system32\USP10.dll
0x000007fefc900000 - 0x000007fefcaf4000 	C:\Windows\WinSxS\amd64_microsoft.windows.common-controls_6595b64144ccf1df_6.0.7601.17514_none_fa396087175ac9ac\COMCTL32.dll
0x000007fefddc0000 - 0x000007fefde31000 	C:\Windows\system32\SHLWAPI.dll
0x000007fefdd90000 - 0x000007fefddbe000 	C:\Windows\system32\IMM32.DLL
0x000007feff0c0000 - 0x000007feff1c9000 	C:\Windows\system32\MSCTF.dll
0x0000000050360000 - 0x0000000050432000 	C:\Program Files\Java\jdk1.7.0_60\jre\bin\msvcr100.dll
0x000000006e060000 - 0x000000006e832000 	C:\Program Files\Java\jdk1.7.0_60\jre\bin\server\jvm.dll
0x000007fef8fe0000 - 0x000007fef8fe9000 	C:\Windows\system32\WSOCK32.dll
0x000007fefdd40000 - 0x000007fefdd8d000 	C:\Windows\system32\WS2_32.dll
0x000007feff010000 - 0x000007feff018000 	C:\Windows\system32\NSI.dll
0x000007fefba80000 - 0x000007fefbabb000 	C:\Windows\system32\WINMM.dll
0x0000000077610000 - 0x0000000077617000 	C:\Windows\system32\PSAPI.DLL
0x0000000051d30000 - 0x0000000051d3f000 	C:\Program Files\Java\jdk1.7.0_60\jre\bin\verify.dll
0x0000000050250000 - 0x0000000050278000 	C:\Program Files\Java\jdk1.7.0_60\jre\bin\java.dll
0x0000000051880000 - 0x0000000051895000 	C:\Program Files\Java\jdk1.7.0_60\jre\bin\zip.dll
0x00000000511f0000 - 0x0000000051209000 	C:\Program Files\Java\jdk1.7.0_60\jre\bin\net.dll
0x000007fefd110000 - 0x000007fefd165000 	C:\Windows\system32\mswsock.dll
0x000007fefd100000 - 0x000007fefd107000 	C:\Windows\System32\wship6.dll
0x0000000050eb0000 - 0x0000000050ec1000 	C:\Program Files\Java\jdk1.7.0_60\jre\bin\nio.dll

VM Arguments:
jvm_args: -Xmx512m -Dfile.encoding=UTF-8 
java_command: org.eclipse.emf.mwe2.launch.runtime.Mwe2Launcher src/org/eclipse/viatra/cep/vepl/GenerateVepl.mwe2
Launcher Type: SUN_STANDARD

Environment Variables:
JAVA_HOME=c:\Java\jdk1.6.0_45\bin
CLASSPATH=.;C:\Java\jre6\lib\ext\QTJava.zip
PATH=C:\Program Files\Common Files\Microsoft Shared\Windows Live;C:\Program Files (x86)\Common Files\Microsoft Shared\Windows Live;c:\software\apache-maven-3.0.5\bin;C:\Program Files (x86)\Intel\iCLS Client\;C:\Program Files\Intel\iCLS Client\;C:\Windows\system32;C:\Windows;C:\Windows\System32\Wbem;C:\Windows\System32\WindowsPowerShell\v1.0\;C:\Program Files\Intel\Intel(R) Management Engine Components\DAL;C:\Program Files\Intel\Intel(R) Management Engine Components\IPT;C:\Program Files (x86)\Intel\Intel(R) Management Engine Components\DAL;C:\Program Files (x86)\Intel\Intel(R) Management Engine Components\IPT;C:\Program Files\Intel\WiFi\bin\;C:\Program Files\Common Files\Intel\WirelessCommon\;C:\Program Files\WIDCOMM\Bluetooth Software\;C:\Program Files\WIDCOMM\Bluetooth Software\syswow64;;C:\Program Files (x86)\Intel\OpenCL SDK\2.0\bin\x86;C:\Program Files (x86)\Intel\OpenCL SDK\2.0\bin\x64;C:\Program Files\TortoiseSVN\bin;c:\Java\jdk1.6.0_45\bin;C:\software\MinGW64\bin;c:\software\MinGW64\;C:\Program Files (x86)\Microsoft SQL Server\80\Tools\Binn\;C:\Program Files (x86)\Microsoft SQL Server\90\Tools\binn\;C:\Program Files (x86)\Microsoft SQL Server\90\DTS\Binn\;C:\Program Files (x86)\Microsoft SQL Server\90\Tools\Binn\VSShell\Common7\IDE\;C:\Program Files (x86)\MiKTeX 2.9\miktex\bin;c:\Program Files\ant\bin;c:\Program Files (x86)\Microsoft SQL Server\100\Tools\Binn\;c:\Program Files\Microsoft SQL Server\100\Tools\Binn\;c:\Program Files\Microsoft SQL Server\100\DTS\Binn\;C:\Program Files (x86)\QuickTime\QTSystem\;C:\Program Files (x86)\Windows Live\Shared;C:\Program Files (x86)\SICStus Prolog 4.2.3\bin;c:\software\maven\bin;c:\Program Files\Java\jdk1.6.0_45\jre\bin\server;C:\Program Files (x86)\scala\bin;C:\Program Files (x86)\sbt\
USERNAME=idavid
OS=Windows_NT
PROCESSOR_IDENTIFIER=Intel64 Family 6 Model 58 Stepping 9, GenuineIntel



---------------  S Y S T E M  ---------------

OS: Windows 7 , 64 bit Build 7601 Service Pack 1

CPU:total 4 (2 cores per cpu, 2 threads per core) family 6 model 58 stepping 9, cmov, cx8, fxsr, mmx, sse, sse2, sse3, ssse3, sse4.1, sse4.2, popcnt, avx, aes, erms, ht, tsc, tscinvbit, tscinv

Memory: 4k page, physical 4074080k(327732k free), swap 5339932k(5252k free)

vm_info: Java HotSpot(TM) 64-Bit Server VM (24.60-b09) for windows-amd64 JRE (1.7.0_60-b19), built on May  7 2014 12:55:18 by "java_re" with unknown MS VC++:1600

time: Fri Jul 18 16:17:46 2014
elapsed time: 2 seconds

